app/build/intermediates/manifest_merge_blame_file/debug/processDebugMainManifest/manifest-merger-blame-debug-report.txt
1<?xml version="1.0" encoding="utf-8"?>
2<manifest xmlns:android="http://schemas.android.com/apk/res/android"
3    package="com.example.spotfind"
4    android:versionCode="1"
5    android:versionName="1.0" >
6
7    <uses-sdk
8        android:minSdkVersion="26"
9        android:targetSdkVersion="34" />
10
11    <uses-permission android:name="android.permission.INTERNET" />
11-->src\main\AndroidManifest.xml:5:5-67
11-->src\main\AndroidManifest.xml:5:22-64
12    <uses-permission android:name="android.permission.ACCESS_NETWORK_STATE" />
12-->src\main\AndroidManifest.xml:6:5-79
12-->src\main\AndroidManifest.xml:6:22-76
13    <uses-permission android:name="android.permission.ACCESS_FINE_LOCATION" />
13-->src\main\AndroidManifest.xml:7:5-79
13-->src\main\AndroidManifest.xml:7:22-76
14    <uses-permission android:name="android.permission.ACCESS_COARSE_LOCATION" />
14-->src\main\AndroidManifest.xml:8:5-81
14-->src\main\AndroidManifest.xml:8:22-78
15    <uses-permission android:name="android.permission.POST_NOTIFICATIONS" />
15-->src\main\AndroidManifest.xml:10:5-77
15-->src\main\AndroidManifest.xml:10:22-74
16    <uses-permission android:name="android.permission.POST_NOTIFICATIONS" />
16-->src\main\AndroidManifest.xml:10:5-77
16-->src\main\AndroidManifest.xml:10:22-74
17
18    <uses-feature
18-->[com.google.android.gms:play-services-maps:18.1.0] AndroidManifest.xml:26:5-28:35
19        android:glEsVersion="0x00020000"
19-->[com.google.android.gms:play-services-maps:18.1.0] AndroidManifest.xml:27:9-41
20        android:required="true" />
20-->[com.google.android.gms:play-services-maps:18.1.0] AndroidManifest.xml:28:9-32
21
22    <queries>
22-->[com.google.android.gms:play-services-maps:18.1.0] AndroidManifest.xml:30:5-34:15
23
24        <!-- Needs to be explicitly declared on Android R+ -->
25        <package android:name="com.google.android.apps.maps" />
25-->[com.google.android.gms:play-services-maps:18.1.0] AndroidManifest.xml:33:9-64
25-->[com.google.android.gms:play-services-maps:18.1.0] AndroidManifest.xml:33:18-61
26    </queries>
27
28    <uses-permission android:name="android.permission.WAKE_LOCK" /> <!-- Required by older versions of Google Play services to create IID tokens -->
28-->[com.google.firebase:firebase-messaging:24.0.1] AndroidManifest.xml:24:5-68
28-->[com.google.firebase:firebase-messaging:24.0.1] AndroidManifest.xml:24:22-65
29    <uses-permission android:name="com.google.android.c2dm.permission.RECEIVE" />
29-->[com.google.firebase:firebase-messaging:24.0.1] AndroidManifest.xml:26:5-82
29-->[com.google.firebase:firebase-messaging:24.0.1] AndroidManifest.xml:26:22-79
30    <uses-permission android:name="com.google.android.providers.gsf.permission.READ_GSERVICES" />
30-->[com.google.android.recaptcha:recaptcha:18.4.0] AndroidManifest.xml:9:5-98
30-->[com.google.android.recaptcha:recaptcha:18.4.0] AndroidManifest.xml:9:22-95
31
32    <permission
32-->[androidx.core:core:1.13.0] AndroidManifest.xml:22:5-24:47
33        android:name="com.example.spotfind.DYNAMIC_RECEIVER_NOT_EXPORTED_PERMISSION"
33-->[androidx.core:core:1.13.0] AndroidManifest.xml:23:9-81
34        android:protectionLevel="signature" />
34-->[androidx.core:core:1.13.0] AndroidManifest.xml:24:9-44
35
36    <uses-permission android:name="com.example.spotfind.DYNAMIC_RECEIVER_NOT_EXPORTED_PERMISSION" />
36-->[androidx.core:core:1.13.0] AndroidManifest.xml:26:5-97
36-->[androidx.core:core:1.13.0] AndroidManifest.xml:26:22-94
37
38    <application
38-->src\main\AndroidManifest.xml:14:5-93:19
39        android:allowBackup="true"
39-->src\main\AndroidManifest.xml:15:9-35
40        android:appComponentFactory="androidx.core.app.CoreComponentFactory"
40-->[androidx.core:core:1.13.0] AndroidManifest.xml:28:18-86
41        android:dataExtractionRules="@xml/data_extraction_rules"
41-->src\main\AndroidManifest.xml:16:9-65
42        android:debuggable="true"
43        android:extractNativeLibs="false"
44        android:fullBackupContent="@xml/backup_rules"
44-->src\main\AndroidManifest.xml:17:9-54
45        android:icon="@drawable/img"
45-->src\main\AndroidManifest.xml:18:9-37
46        android:label="@string/app_name"
46-->src\main\AndroidManifest.xml:19:9-41
47        android:networkSecurityConfig="@xml/network_security_config"
47-->src\main\AndroidManifest.xml:20:9-69
48        android:roundIcon="@drawable/img"
48-->src\main\AndroidManifest.xml:21:9-42
49        android:supportsRtl="true"
49-->src\main\AndroidManifest.xml:22:9-35
50        android:testOnly="true"
51        android:theme="@style/Theme.SpotFind" >
51-->src\main\AndroidManifest.xml:23:9-46
52        <activity
52-->src\main\AndroidManifest.xml:25:9-27:40
53            android:name="com.example.spotfind.ChatBotActivity"
53-->src\main\AndroidManifest.xml:26:13-44
54            android:exported="false" />
54-->src\main\AndroidManifest.xml:27:13-37
55        <activity
55-->src\main\AndroidManifest.xml:28:9-30:40
56            android:name="com.example.spotfind.OrderActivity"
56-->src\main\AndroidManifest.xml:29:13-42
57            android:exported="false" />
57-->src\main\AndroidManifest.xml:30:13-37
58
59        <service
59-->src\main\AndroidManifest.xml:32:9-38:19
60            android:name="com.example.spotfind.MyFirebaseMessagingService"
60-->src\main\AndroidManifest.xml:33:13-55
61            android:exported="false" >
61-->src\main\AndroidManifest.xml:34:13-37
62            <intent-filter>
62-->src\main\AndroidManifest.xml:35:13-37:29
63                <action android:name="com.google.firebase.MESSAGING_EVENT" />
63-->src\main\AndroidManifest.xml:36:17-78
63-->src\main\AndroidManifest.xml:36:25-75
64            </intent-filter>
65        </service>
66
67        <activity
67-->src\main\AndroidManifest.xml:40:9-42:40
68            android:name="com.example.spotfind.BookingActivity"
68-->src\main\AndroidManifest.xml:41:13-44
69            android:exported="false" />
69-->src\main\AndroidManifest.xml:42:13-37
70        <activity
70-->src\main\AndroidManifest.xml:43:9-45:40
71            android:name="com.example.spotfind.AboutActivity"
71-->src\main\AndroidManifest.xml:44:13-42
72            android:exported="false" />
72-->src\main\AndroidManifest.xml:45:13-37
73        <activity
73-->src\main\AndroidManifest.xml:46:9-48:40
74            android:name="com.example.spotfind.SupportActivity"
74-->src\main\AndroidManifest.xml:47:13-44
75            android:exported="false" />
75-->src\main\AndroidManifest.xml:48:13-37
76        <activity
76-->src\main\AndroidManifest.xml:49:9-51:40
77            android:name="com.example.spotfind.SearchResultsActivity"
77-->src\main\AndroidManifest.xml:50:13-50
78            android:exported="false" />
78-->src\main\AndroidManifest.xml:51:13-37
79        <activity
79-->src\main\AndroidManifest.xml:52:9-54:40
80            android:name="com.example.spotfind.RentParkingActivity"
80-->src\main\AndroidManifest.xml:53:13-48
81            android:exported="false" />
81-->src\main\AndroidManifest.xml:54:13-37
82        <!--
83             To get one, follow the directions here:
84
85                https://developers.google.com/maps/documentation/android-sdk/get-api-key
86
87             Once you have your API key (it starts with "AIza"), define a new property in your
88             project's local.properties file (e.g. MAPS_API_KEY=Aiza...), and replace the
89             "YOUR_API_KEY" string in this file with "${MAPS_API_KEY}".
90        -->
91        <meta-data
91-->src\main\AndroidManifest.xml:64:9-66:71
92            android:name="com.google.android.geo.API_KEY"
92-->src\main\AndroidManifest.xml:65:13-58
93            android:value="AIzaSyAnMVa2Py4BXnAek9DwCpxf1lezFaoCEcM" />
93-->src\main\AndroidManifest.xml:66:13-68
94
95        <activity
95-->src\main\AndroidManifest.xml:68:9-71:59
96            android:name="com.example.spotfind.MapsActivity"
96-->src\main\AndroidManifest.xml:69:13-41
97            android:exported="false"
97-->src\main\AndroidManifest.xml:70:13-37
98            android:label="@string/title_activity_maps" />
98-->src\main\AndroidManifest.xml:71:13-56
99        <activity
99-->src\main\AndroidManifest.xml:72:9-74:40
100            android:name="com.example.spotfind.MapActivity"
100-->src\main\AndroidManifest.xml:73:13-40
101            android:exported="false" />
101-->src\main\AndroidManifest.xml:74:13-37
102        <activity
102-->src\main\AndroidManifest.xml:75:9-77:40
103            android:name="com.example.spotfind.ProfileActivity"
103-->src\main\AndroidManifest.xml:76:13-44
104            android:exported="false" />
104-->src\main\AndroidManifest.xml:77:13-37
105        <activity
105-->src\main\AndroidManifest.xml:78:9-80:40
106            android:name="com.example.spotfind.HomePageActivity"
106-->src\main\AndroidManifest.xml:79:13-45
107            android:exported="false" />
107-->src\main\AndroidManifest.xml:80:13-37
108        <activity
108-->src\main\AndroidManifest.xml:81:9-83:40
109            android:name="com.example.spotfind.SignUpActivity"
109-->src\main\AndroidManifest.xml:82:13-43
110            android:exported="false" />
110-->src\main\AndroidManifest.xml:83:13-37
111        <activity
111-->src\main\AndroidManifest.xml:84:9-92:20
112            android:name="com.example.spotfind.LoginActivity"
112-->src\main\AndroidManifest.xml:85:13-42
113            android:exported="true" >
113-->src\main\AndroidManifest.xml:86:13-36
114            <intent-filter>
114-->src\main\AndroidManifest.xml:87:13-91:29
115                <action android:name="android.intent.action.MAIN" />
115-->src\main\AndroidManifest.xml:88:17-69
115-->src\main\AndroidManifest.xml:88:25-66
116
117                <category android:name="android.intent.category.LAUNCHER" />
117-->src\main\AndroidManifest.xml:90:17-77
117-->src\main\AndroidManifest.xml:90:27-74
118            </intent-filter>
119        </activity>
120
121        <service
121-->[com.google.firebase:firebase-auth-ktx:23.0.0] AndroidManifest.xml:8:9-14:19
122            android:name="com.google.firebase.components.ComponentDiscoveryService"
122-->[com.google.firebase:firebase-auth-ktx:23.0.0] AndroidManifest.xml:9:13-84
123            android:directBootAware="true"
123-->[com.google.firebase:firebase-common:21.0.0] AndroidManifest.xml:32:13-43
124            android:exported="false" >
124-->[com.google.firebase:firebase-auth-ktx:23.0.0] AndroidManifest.xml:10:13-37
125            <meta-data
125-->[com.google.firebase:firebase-auth-ktx:23.0.0] AndroidManifest.xml:11:13-13:85
126                android:name="com.google.firebase.components:com.google.firebase.auth.ktx.FirebaseAuthLegacyRegistrar"
126-->[com.google.firebase:firebase-auth-ktx:23.0.0] AndroidManifest.xml:12:17-119
127                android:value="com.google.firebase.components.ComponentRegistrar" />
127-->[com.google.firebase:firebase-auth-ktx:23.0.0] AndroidManifest.xml:13:17-82
128            <meta-data
128-->[com.google.firebase:firebase-auth:23.0.0] AndroidManifest.xml:69:13-71:85
129                android:name="com.google.firebase.components:com.google.firebase.auth.FirebaseAuthRegistrar"
129-->[com.google.firebase:firebase-auth:23.0.0] AndroidManifest.xml:70:17-109
130                android:value="com.google.firebase.components.ComponentRegistrar" />
130-->[com.google.firebase:firebase-auth:23.0.0] AndroidManifest.xml:71:17-82
131            <meta-data
131-->[com.google.firebase:firebase-messaging:24.0.1] AndroidManifest.xml:57:13-59:85
132                android:name="com.google.firebase.components:com.google.firebase.messaging.FirebaseMessagingKtxRegistrar"
132-->[com.google.firebase:firebase-messaging:24.0.1] AndroidManifest.xml:58:17-122
133                android:value="com.google.firebase.components.ComponentRegistrar" />
133-->[com.google.firebase:firebase-messaging:24.0.1] AndroidManifest.xml:59:17-82
134            <meta-data
134-->[com.google.firebase:firebase-messaging:24.0.1] AndroidManifest.xml:60:13-62:85
135                android:name="com.google.firebase.components:com.google.firebase.messaging.FirebaseMessagingRegistrar"
135-->[com.google.firebase:firebase-messaging:24.0.1] AndroidManifest.xml:61:17-119
136                android:value="com.google.firebase.components.ComponentRegistrar" />
136-->[com.google.firebase:firebase-messaging:24.0.1] AndroidManifest.xml:62:17-82
137            <meta-data
137-->[com.google.firebase:firebase-database:21.0.0] AndroidManifest.xml:29:13-31:85
138                android:name="com.google.firebase.components:com.google.firebase.database.FirebaseDatabaseKtxRegistrar"
138-->[com.google.firebase:firebase-database:21.0.0] AndroidManifest.xml:30:17-120
139                android:value="com.google.firebase.components.ComponentRegistrar" />
139-->[com.google.firebase:firebase-database:21.0.0] AndroidManifest.xml:31:17-82
140            <meta-data
140-->[com.google.firebase:firebase-database:21.0.0] AndroidManifest.xml:32:13-34:85
141                android:name="com.google.firebase.components:com.google.firebase.database.DatabaseRegistrar"
141-->[com.google.firebase:firebase-database:21.0.0] AndroidManifest.xml:33:17-109
142                android:value="com.google.firebase.components.ComponentRegistrar" />
142-->[com.google.firebase:firebase-database:21.0.0] AndroidManifest.xml:34:17-82
143            <meta-data
143-->[com.google.firebase:firebase-installations:18.0.0] AndroidManifest.xml:15:13-17:85
144                android:name="com.google.firebase.components:com.google.firebase.installations.FirebaseInstallationsKtxRegistrar"
144-->[com.google.firebase:firebase-installations:18.0.0] AndroidManifest.xml:16:17-130
145                android:value="com.google.firebase.components.ComponentRegistrar" />
145-->[com.google.firebase:firebase-installations:18.0.0] AndroidManifest.xml:17:17-82
146            <meta-data
146-->[com.google.firebase:firebase-installations:18.0.0] AndroidManifest.xml:18:13-20:85
147                android:name="com.google.firebase.components:com.google.firebase.installations.FirebaseInstallationsRegistrar"
147-->[com.google.firebase:firebase-installations:18.0.0] AndroidManifest.xml:19:17-127
148                android:value="com.google.firebase.components.ComponentRegistrar" />
148-->[com.google.firebase:firebase-installations:18.0.0] AndroidManifest.xml:20:17-82
149            <meta-data
149-->[com.google.firebase:firebase-common-ktx:21.0.0] AndroidManifest.xml:12:13-14:85
150                android:name="com.google.firebase.components:com.google.firebase.ktx.FirebaseCommonLegacyRegistrar"
150-->[com.google.firebase:firebase-common-ktx:21.0.0] AndroidManifest.xml:13:17-116
151                android:value="com.google.firebase.components.ComponentRegistrar" />
151-->[com.google.firebase:firebase-common-ktx:21.0.0] AndroidManifest.xml:14:17-82
152            <meta-data
152-->[com.google.firebase:firebase-common:21.0.0] AndroidManifest.xml:35:13-37:85
153                android:name="com.google.firebase.components:com.google.firebase.FirebaseCommonKtxRegistrar"
153-->[com.google.firebase:firebase-common:21.0.0] AndroidManifest.xml:36:17-109
154                android:value="com.google.firebase.components.ComponentRegistrar" />
154-->[com.google.firebase:firebase-common:21.0.0] AndroidManifest.xml:37:17-82
155            <meta-data
155-->[com.google.firebase:firebase-datatransport:18.2.0] AndroidManifest.xml:25:13-27:85
156                android:name="com.google.firebase.components:com.google.firebase.datatransport.TransportRegistrar"
156-->[com.google.firebase:firebase-datatransport:18.2.0] AndroidManifest.xml:26:17-115
157                android:value="com.google.firebase.components.ComponentRegistrar" />
157-->[com.google.firebase:firebase-datatransport:18.2.0] AndroidManifest.xml:27:17-82
158        </service>
159
160        <activity
160-->[com.google.firebase:firebase-auth:23.0.0] AndroidManifest.xml:29:9-46:20
161            android:name="com.google.firebase.auth.internal.GenericIdpActivity"
161-->[com.google.firebase:firebase-auth:23.0.0] AndroidManifest.xml:30:13-80
162            android:excludeFromRecents="true"
162-->[com.google.firebase:firebase-auth:23.0.0] AndroidManifest.xml:31:13-46
163            android:exported="true"
163-->[com.google.firebase:firebase-auth:23.0.0] AndroidManifest.xml:32:13-36
164            android:launchMode="singleTask"
164-->[com.google.firebase:firebase-auth:23.0.0] AndroidManifest.xml:33:13-44
165            android:theme="@android:style/Theme.Translucent.NoTitleBar" >
165-->[com.google.firebase:firebase-auth:23.0.0] AndroidManifest.xml:34:13-72
166            <intent-filter>
166-->[com.google.firebase:firebase-auth:23.0.0] AndroidManifest.xml:35:13-45:29
167                <action android:name="android.intent.action.VIEW" />
167-->[com.google.firebase:firebase-auth:23.0.0] AndroidManifest.xml:36:17-69
167-->[com.google.firebase:firebase-auth:23.0.0] AndroidManifest.xml:36:25-66
168
169                <category android:name="android.intent.category.DEFAULT" />
169-->[com.google.firebase:firebase-auth:23.0.0] AndroidManifest.xml:38:17-76
169-->[com.google.firebase:firebase-auth:23.0.0] AndroidManifest.xml:38:27-73
170                <category android:name="android.intent.category.BROWSABLE" />
170-->[com.google.firebase:firebase-auth:23.0.0] AndroidManifest.xml:39:17-78
170-->[com.google.firebase:firebase-auth:23.0.0] AndroidManifest.xml:39:27-75
171
172                <data
172-->[com.google.firebase:firebase-auth:23.0.0] AndroidManifest.xml:41:17-44:51
173                    android:host="firebase.auth"
173-->[com.google.firebase:firebase-auth:23.0.0] AndroidManifest.xml:42:21-49
174                    android:path="/"
174-->[com.google.firebase:firebase-auth:23.0.0] AndroidManifest.xml:43:21-37
175                    android:scheme="genericidp" />
175-->[com.google.firebase:firebase-auth:23.0.0] AndroidManifest.xml:44:21-48
176            </intent-filter>
177        </activity>
178        <activity
178-->[com.google.firebase:firebase-auth:23.0.0] AndroidManifest.xml:47:9-64:20
179            android:name="com.google.firebase.auth.internal.RecaptchaActivity"
179-->[com.google.firebase:firebase-auth:23.0.0] AndroidManifest.xml:48:13-79
180            android:excludeFromRecents="true"
180-->[com.google.firebase:firebase-auth:23.0.0] AndroidManifest.xml:49:13-46
181            android:exported="true"
181-->[com.google.firebase:firebase-auth:23.0.0] AndroidManifest.xml:50:13-36
182            android:launchMode="singleTask"
182-->[com.google.firebase:firebase-auth:23.0.0] AndroidManifest.xml:51:13-44
183            android:theme="@android:style/Theme.Translucent.NoTitleBar" >
183-->[com.google.firebase:firebase-auth:23.0.0] AndroidManifest.xml:52:13-72
184            <intent-filter>
184-->[com.google.firebase:firebase-auth:23.0.0] AndroidManifest.xml:53:13-63:29
185                <action android:name="android.intent.action.VIEW" />
185-->[com.google.firebase:firebase-auth:23.0.0] AndroidManifest.xml:36:17-69
185-->[com.google.firebase:firebase-auth:23.0.0] AndroidManifest.xml:36:25-66
186
187                <category android:name="android.intent.category.DEFAULT" />
187-->[com.google.firebase:firebase-auth:23.0.0] AndroidManifest.xml:38:17-76
187-->[com.google.firebase:firebase-auth:23.0.0] AndroidManifest.xml:38:27-73
188                <category android:name="android.intent.category.BROWSABLE" />
188-->[com.google.firebase:firebase-auth:23.0.0] AndroidManifest.xml:39:17-78
188-->[com.google.firebase:firebase-auth:23.0.0] AndroidManifest.xml:39:27-75
189
190                <data
190-->[com.google.firebase:firebase-auth:23.0.0] AndroidManifest.xml:41:17-44:51
191                    android:host="firebase.auth"
191-->[com.google.firebase:firebase-auth:23.0.0] AndroidManifest.xml:42:21-49
192                    android:path="/"
192-->[com.google.firebase:firebase-auth:23.0.0] AndroidManifest.xml:43:21-37
193                    android:scheme="recaptcha" />
193-->[com.google.firebase:firebase-auth:23.0.0] AndroidManifest.xml:44:21-48
194            </intent-filter>
195        </activity> <!-- Needs to be explicitly declared on P+ -->
196        <uses-library
196-->[com.google.android.gms:play-services-maps:18.1.0] AndroidManifest.xml:39:9-41:40
197            android:name="org.apache.http.legacy"
197-->[com.google.android.gms:play-services-maps:18.1.0] AndroidManifest.xml:40:13-50
198            android:required="false" />
198-->[com.google.android.gms:play-services-maps:18.1.0] AndroidManifest.xml:41:13-37
199
200        <receiver
200-->[com.google.firebase:firebase-messaging:24.0.1] AndroidManifest.xml:29:9-40:20
201            android:name="com.google.firebase.iid.FirebaseInstanceIdReceiver"
201-->[com.google.firebase:firebase-messaging:24.0.1] AndroidManifest.xml:30:13-78
202            android:exported="true"
202-->[com.google.firebase:firebase-messaging:24.0.1] AndroidManifest.xml:31:13-36
203            android:permission="com.google.android.c2dm.permission.SEND" >
203-->[com.google.firebase:firebase-messaging:24.0.1] AndroidManifest.xml:32:13-73
204            <intent-filter>
204-->[com.google.firebase:firebase-messaging:24.0.1] AndroidManifest.xml:33:13-35:29
205                <action android:name="com.google.android.c2dm.intent.RECEIVE" />
205-->[com.google.firebase:firebase-messaging:24.0.1] AndroidManifest.xml:34:17-81
205-->[com.google.firebase:firebase-messaging:24.0.1] AndroidManifest.xml:34:25-78
206            </intent-filter>
207
208            <meta-data
208-->[com.google.firebase:firebase-messaging:24.0.1] AndroidManifest.xml:37:13-39:40
209                android:name="com.google.android.gms.cloudmessaging.FINISHED_AFTER_HANDLED"
209-->[com.google.firebase:firebase-messaging:24.0.1] AndroidManifest.xml:38:17-92
210                android:value="true" />
210-->[com.google.firebase:firebase-messaging:24.0.1] AndroidManifest.xml:39:17-37
211        </receiver>
212        <!--
213             FirebaseMessagingService performs security checks at runtime,
214             but set to not exported to explicitly avoid allowing another app to call it.
215        -->
216        <service
216-->[com.google.firebase:firebase-messaging:24.0.1] AndroidManifest.xml:46:9-53:19
217            android:name="com.google.firebase.messaging.FirebaseMessagingService"
217-->[com.google.firebase:firebase-messaging:24.0.1] AndroidManifest.xml:47:13-82
218            android:directBootAware="true"
218-->[com.google.firebase:firebase-messaging:24.0.1] AndroidManifest.xml:48:13-43
219            android:exported="false" >
219-->[com.google.firebase:firebase-messaging:24.0.1] AndroidManifest.xml:49:13-37
220            <intent-filter android:priority="-500" >
220-->src\main\AndroidManifest.xml:35:13-37:29
221                <action android:name="com.google.firebase.MESSAGING_EVENT" />
221-->src\main\AndroidManifest.xml:36:17-78
221-->src\main\AndroidManifest.xml:36:25-75
222            </intent-filter>
223        </service>
224        <service
224-->[androidx.credentials:credentials-play-services-auth:1.2.0-rc01] AndroidManifest.xml:24:9-32:19
225            android:name="androidx.credentials.playservices.CredentialProviderMetadataHolder"
225-->[androidx.credentials:credentials-play-services-auth:1.2.0-rc01] AndroidManifest.xml:25:13-94
226            android:enabled="true"
226-->[androidx.credentials:credentials-play-services-auth:1.2.0-rc01] AndroidManifest.xml:26:13-35
227            android:exported="false" >
227-->[androidx.credentials:credentials-play-services-auth:1.2.0-rc01] AndroidManifest.xml:27:13-37
228            <meta-data
228-->[androidx.credentials:credentials-play-services-auth:1.2.0-rc01] AndroidManifest.xml:29:13-31:104
229                android:name="androidx.credentials.CREDENTIAL_PROVIDER_KEY"
229-->[androidx.credentials:credentials-play-services-auth:1.2.0-rc01] AndroidManifest.xml:30:17-76
230                android:value="androidx.credentials.playservices.CredentialProviderPlayServicesImpl" />
230-->[androidx.credentials:credentials-play-services-auth:1.2.0-rc01] AndroidManifest.xml:31:17-101
231        </service>
232
233        <activity
233-->[androidx.credentials:credentials-play-services-auth:1.2.0-rc01] AndroidManifest.xml:34:9-41:20
234            android:name="androidx.credentials.playservices.HiddenActivity"
234-->[androidx.credentials:credentials-play-services-auth:1.2.0-rc01] AndroidManifest.xml:35:13-76
235            android:configChanges="orientation|screenSize|screenLayout|keyboardHidden"
235-->[androidx.credentials:credentials-play-services-auth:1.2.0-rc01] AndroidManifest.xml:36:13-87
236            android:enabled="true"
236-->[androidx.credentials:credentials-play-services-auth:1.2.0-rc01] AndroidManifest.xml:37:13-35
237            android:exported="false"
237-->[androidx.credentials:credentials-play-services-auth:1.2.0-rc01] AndroidManifest.xml:38:13-37
238            android:fitsSystemWindows="true"
238-->[androidx.credentials:credentials-play-services-auth:1.2.0-rc01] AndroidManifest.xml:39:13-45
239            android:theme="@style/Theme.Hidden" >
239-->[androidx.credentials:credentials-play-services-auth:1.2.0-rc01] AndroidManifest.xml:40:13-48
240        </activity>
241        <activity
241-->[com.google.android.gms:play-services-auth:20.7.0] AndroidManifest.xml:23:9-27:75
242            android:name="com.google.android.gms.auth.api.signin.internal.SignInHubActivity"
242-->[com.google.android.gms:play-services-auth:20.7.0] AndroidManifest.xml:24:13-93
243            android:excludeFromRecents="true"
243-->[com.google.android.gms:play-services-auth:20.7.0] AndroidManifest.xml:25:13-46
244            android:exported="false"
244-->[com.google.android.gms:play-services-auth:20.7.0] AndroidManifest.xml:26:13-37
245            android:theme="@android:style/Theme.Translucent.NoTitleBar" />
245-->[com.google.android.gms:play-services-auth:20.7.0] AndroidManifest.xml:27:13-72
246        <!--
247            Service handling Google Sign-In user revocation. For apps that do not integrate with
248            Google Sign-In, this service will never be started.
249        -->
250        <service
250-->[com.google.android.gms:play-services-auth:20.7.0] AndroidManifest.xml:33:9-37:51
251            android:name="com.google.android.gms.auth.api.signin.RevocationBoundService"
251-->[com.google.android.gms:play-services-auth:20.7.0] AndroidManifest.xml:34:13-89
252            android:exported="true"
252-->[com.google.android.gms:play-services-auth:20.7.0] AndroidManifest.xml:35:13-36
253            android:permission="com.google.android.gms.auth.api.signin.permission.REVOCATION_NOTIFICATION"
253-->[com.google.android.gms:play-services-auth:20.7.0] AndroidManifest.xml:36:13-107
254            android:visibleToInstantApps="true" />
254-->[com.google.android.gms:play-services-auth:20.7.0] AndroidManifest.xml:37:13-48
255
256        <provider
256-->[com.google.firebase:firebase-common:21.0.0] AndroidManifest.xml:23:9-28:39
257            android:name="com.google.firebase.provider.FirebaseInitProvider"
257-->[com.google.firebase:firebase-common:21.0.0] AndroidManifest.xml:24:13-77
258            android:authorities="com.example.spotfind.firebaseinitprovider"
258-->[com.google.firebase:firebase-common:21.0.0] AndroidManifest.xml:25:13-72
259            android:directBootAware="true"
259-->[com.google.firebase:firebase-common:21.0.0] AndroidManifest.xml:26:13-43
260            android:exported="false"
260-->[com.google.firebase:firebase-common:21.0.0] AndroidManifest.xml:27:13-37
261            android:initOrder="100" />
261-->[com.google.firebase:firebase-common:21.0.0] AndroidManifest.xml:28:13-36
262
263        <activity
263-->[com.google.android.gms:play-services-base:18.1.0] AndroidManifest.xml:20:9-22:45
264            android:name="com.google.android.gms.common.api.GoogleApiActivity"
264-->[com.google.android.gms:play-services-base:18.1.0] AndroidManifest.xml:20:19-85
265            android:exported="false"
265-->[com.google.android.gms:play-services-base:18.1.0] AndroidManifest.xml:22:19-43
266            android:theme="@android:style/Theme.Translucent.NoTitleBar" />
266-->[com.google.android.gms:play-services-base:18.1.0] AndroidManifest.xml:21:19-78
267
268        <provider
268-->[androidx.emoji2:emoji2:1.3.0] AndroidManifest.xml:24:9-32:20
269            android:name="androidx.startup.InitializationProvider"
269-->[androidx.emoji2:emoji2:1.3.0] AndroidManifest.xml:25:13-67
270            android:authorities="com.example.spotfind.androidx-startup"
270-->[androidx.emoji2:emoji2:1.3.0] AndroidManifest.xml:26:13-68
271            android:exported="false" >
271-->[androidx.emoji2:emoji2:1.3.0] AndroidManifest.xml:27:13-37
272            <meta-data
272-->[androidx.emoji2:emoji2:1.3.0] AndroidManifest.xml:29:13-31:52
273                android:name="androidx.emoji2.text.EmojiCompatInitializer"
273-->[androidx.emoji2:emoji2:1.3.0] AndroidManifest.xml:30:17-75
274                android:value="androidx.startup" />
274-->[androidx.emoji2:emoji2:1.3.0] AndroidManifest.xml:31:17-49
275            <meta-data
275-->[androidx.lifecycle:lifecycle-process:2.6.2] AndroidManifest.xml:29:13-31:52
276                android:name="androidx.lifecycle.ProcessLifecycleInitializer"
276-->[androidx.lifecycle:lifecycle-process:2.6.2] AndroidManifest.xml:30:17-78
277                android:value="androidx.startup" />
277-->[androidx.lifecycle:lifecycle-process:2.6.2] AndroidManifest.xml:31:17-49
278            <meta-data
278-->[androidx.profileinstaller:profileinstaller:1.3.1] AndroidManifest.xml:29:13-31:52
279                android:name="androidx.profileinstaller.ProfileInstallerInitializer"
279-->[androidx.profileinstaller:profileinstaller:1.3.1] AndroidManifest.xml:30:17-85
280                android:value="androidx.startup" />
280-->[androidx.profileinstaller:profileinstaller:1.3.1] AndroidManifest.xml:31:17-49
281        </provider>
282
283        <receiver